<test-run id="2" testcasecount="4" result="Passed" start-time="2026-06-30 16:04:14.805307" end-time="2026-06-30 16:04:16.130408" duration="1" total="4" passed="4" failed="0" inconclusive="0" skipped="0" asserts="0" clr-version="3.14.3 (tags/v3.14.3:323c59a, Feb  3 2026, 16:04:56) [MSC v.1944 64 bit (AMD64)]" engine-version="3.6.2"><command-line>C:\Users\adalt\AppData\Roaming\Python\Python314\site-packages\pytest\__main__.py tests/test_accuracy_4.py tests/test_accuracy_5.py tests/test_accuracy_6.py tests/test_accuracy_7.py</command-line><filter><test re="0">tests/test_accuracy_4.py</test><test re="0">tests/test_accuracy_5.py</test><test re="0">tests/test_accuracy_6.py</test><test re="0">tests/test_accuracy_7.py</test></filter><test-suite id="tests/test_accuracy_6.py" name="tests/test_accuracy_6.py" fullname="tests/test_accuracy_6.py" methodname="" classname="" runstate="Runnable" type="Assembly" testcasecount="1" result="Passed" label="" start-time="2026-06-30 16:04:16.129119" end-time="2026-06-30 16:04:16.129556" duration="0.000437" asserts="0" total="1" passed="1" failed="0" warnings="0" inconclusive="0" skipped="0"><properties><property name="python_version" value="3.14.3 (tags/v3.14.3:323c59a, Feb  3 2026, 16:04:56) [MSC v.1944 64 bit (AMD64)]" /></properties><test-case id="102" name="tests/test_accuracy_6.py::test_accuracy_6_passes_when_overall_and_confirmed_clear_threshold" fullname="tests/test_accuracy_6.py::test_accuracy_6_passes_when_overall_and_confirmed_clear_threshold" methodname="test_accuracy_6_passes_when_overall_and_confirmed_clear_threshold" classname="tests/test_accuracy_6.py" runstate="Runnable" seed="1" result="Passed" label="" start-time="2026-06-30 16:04:16.129119" end-time="2026-06-30 16:04:16.129556" duration="0.000437" asserts="0"><properties><property name="python-version" value="3.14.3 (tags/v3.14.3:323c59a, Feb  3 2026, 16:04:56) [MSC v.1944 64 bit (AMD64)]" /><property name="fspath" value="tests/test_accuracy_6.py" /></properties><environment framework-version="3.6.2" clr-version="3.14.3 (tags/v3.14.3:323c59a, Feb  3 2026, 16:04:56) [MSC v.1944 64 bit (AMD64)]" os-version="11" platform="Windows" cwd="E:\narrative_engine" machine-name="AMD64" user="" user-domain="" culture="en_US" uiculture="en_US" os-architecture="64bit" /><failure><message><![CDATA[]]></message><stack-trace><![CDATA[None]]></stack-trace></failure><reason><message><![CDATA[]]></message></reason><output><![CDATA[]]></output></test-case><environment framework-version="3.6.2" clr-version="3.14.3 (tags/v3.14.3:323c59a, Feb  3 2026, 16:04:56) [MSC v.1944 64 bit (AMD64)]" os-version="11" platform="Windows" cwd="E:\narrative_engine" machine-name="AMD64" user="" user-domain="" culture="en_US" uiculture="en_US" os-architecture="64bit" /></test-suite><test-suite id="tests/test_accuracy_7.py" name="tests/test_accuracy_7.py" fullname="tests/test_accuracy_7.py" methodname="" classname="" runstate="Runnable" type="Assembly" testcasecount="1" result="Passed" label="" start-time="2026-06-30 16:04:16.129876" end-time="2026-06-30 16:04:16.130291" duration="0.000415" asserts="0" total="1" passed="1" failed="0" warnings="0" inconclusive="0" skipped="0"><properties><property name="python_version" value="3.14.3 (tags/v3.14.3:323c59a, Feb  3 2026, 16:04:56) [MSC v.1944 64 bit (AMD64)]" /></properties><test-case id="103" name="tests/test_accuracy_7.py::test_accuracy_7_passes_when_combined_hit_rate_is_above_threshold" fullname="tests/test_accuracy_7.py::test_accuracy_7_passes_when_combined_hit_rate_is_above_threshold" methodname="test_accuracy_7_passes_when_combined_hit_rate_is_above_threshold" classname="tests/test_accuracy_7.py" runstate="Runnable" seed="1" result="Passed" label="" start-time="2026-06-30 16:04:16.129876" end-time="2026-06-30 16:04:16.130291" duration="0.000415" asserts="0"><properties><property name="python-version" value="3.14.3 (tags/v3.14.3:323c59a, Feb  3 2026, 16:04:56) [MSC v.1944 64 bit (AMD64)]" /><property name="fspath" value="tests/test_accuracy_7.py" /></properties><environment framework-version="3.6.2" clr-version="3.14.3 (tags/v3.14.3:323c59a, Feb  3 2026, 16:04:56) [MSC v.1944 64 bit (AMD64)]" os-version="11" platform="Windows" cwd="E:\narrative_engine" machine-name="AMD64" user="" user-domain="" culture="en_US" uiculture="en_US" os-architecture="64bit" /><failure><message><![CDATA[]]></message><stack-trace><![CDATA[None]]></stack-trace></failure><reason><message><![CDATA[]]></message></reason><output><![CDATA[]]></output></test-case><environment framework-version="3.6.2" clr-version="3.14.3 (tags/v3.14.3:323c59a, Feb  3 2026, 16:04:56) [MSC v.1944 64 bit (AMD64)]" os-version="11" platform="Windows" cwd="E:\narrative_engine" machine-name="AMD64" user="" user-domain="" culture="en_US" uiculture="en_US" os-architecture="64bit" /></test-suite><test-suite id="tests/test_accuracy_5.py" name="tests/test_accuracy_5.py" fullname="tests/test_accuracy_5.py" methodname="" classname="" runstate="Runnable" type="Assembly" testcasecount="1" result="Passed" label="" start-time="2026-06-30 16:04:16.128313" end-time="2026-06-30 16:04:16.128779" duration="0.000466" asserts="0" total="1" passed="1" failed="0" warnings="0" inconclusive="0" skipped="0"><properties><property name="python_version" value="3.14.3 (tags/v3.14.3:323c59a, Feb  3 2026, 16:04:56) [MSC v.1944 64 bit (AMD64)]" /></properties><test-case id="101" name="tests/test_accuracy_5.py::test_accuracy_5_passes_when_post_pickup_beats_pre_and_control" fullname="tests/test_accuracy_5.py::test_accuracy_5_passes_when_post_pickup_beats_pre_and_control" methodname="test_accuracy_5_passes_when_post_pickup_beats_pre_and_control" classname="tests/test_accuracy_5.py" runstate="Runnable" seed="1" result="Passed" label="" start-time="2026-06-30 16:04:16.128313" end-time="2026-06-30 16:04:16.128779" duration="0.000466" asserts="0"><properties><property name="python-version" value="3.14.3 (tags/v3.14.3:323c59a, Feb  3 2026, 16:04:56) [MSC v.1944 64 bit (AMD64)]" /><property name="fspath" value="tests/test_accuracy_5.py" /></properties><environment framework-version="3.6.2" clr-version="3.14.3 (tags/v3.14.3:323c59a, Feb  3 2026, 16:04:56) [MSC v.1944 64 bit (AMD64)]" os-version="11" platform="Windows" cwd="E:\narrative_engine" machine-name="AMD64" user="" user-domain="" culture="en_US" uiculture="en_US" os-architecture="64bit" /><failure><message><![CDATA[]]></message><stack-trace><![CDATA[None]]></stack-trace></failure><reason><message><![CDATA[]]></message></reason><output><![CDATA[]]></output></test-case><environment framework-version="3.6.2" clr-version="3.14.3 (tags/v3.14.3:323c59a, Feb  3 2026, 16:04:56) [MSC v.1944 64 bit (AMD64)]" os-version="11" platform="Windows" cwd="E:\narrative_engine" machine-name="AMD64" user="" user-domain="" culture="en_US" uiculture="en_US" os-architecture="64bit" /></test-suite><test-suite id="tests/test_accuracy_4.py" name="tests/test_accuracy_4.py" fullname="tests/test_accuracy_4.py" methodname="" classname="" runstate="Runnable" type="Assembly" testcasecount="1" result="Passed" label="" start-time="2026-06-30 16:04:16.126925" end-time="2026-06-30 16:04:16.127929" duration="0.001004" asserts="0" total="1" passed="1" failed="0" warnings="0" inconclusive="0" skipped="0"><properties><property name="python_version" value="3.14.3 (tags/v3.14.3:323c59a, Feb  3 2026, 16:04:56) [MSC v.1944 64 bit (AMD64)]" /></properties><test-case id="100" name="tests/test_accuracy_4.py::test_accuracy_4_passes_when_top_quartile_moves_more" fullname="tests/test_accuracy_4.py::test_accuracy_4_passes_when_top_quartile_moves_more" methodname="test_accuracy_4_passes_when_top_quartile_moves_more" classname="tests/test_accuracy_4.py" runstate="Runnable" seed="1" result="Passed" label="" start-time="2026-06-30 16:04:16.126925" end-time="2026-06-30 16:04:16.127929" duration="0.001004" asserts="0"><properties><property name="python-version" value="3.14.3 (tags/v3.14.3:323c59a, Feb  3 2026, 16:04:56) [MSC v.1944 64 bit (AMD64)]" /><property name="fspath" value="tests/test_accuracy_4.py" /></properties><environment framework-version="3.6.2" clr-version="3.14.3 (tags/v3.14.3:323c59a, Feb  3 2026, 16:04:56) [MSC v.1944 64 bit (AMD64)]" os-version="11" platform="Windows" cwd="E:\narrative_engine" machine-name="AMD64" user="" user-domain="" culture="en_US" uiculture="en_US" os-architecture="64bit" /><failure><message><![CDATA[]]></message><stack-trace><![CDATA[None]]></stack-trace></failure><reason><message><![CDATA[]]></message></reason><output><![CDATA[]]></output></test-case><environment framework-version="3.6.2" clr-version="3.14.3 (tags/v3.14.3:323c59a, Feb  3 2026, 16:04:56) [MSC v.1944 64 bit (AMD64)]" os-version="11" platform="Windows" cwd="E:\narrative_engine" machine-name="AMD64" user="" user-domain="" culture="en_US" uiculture="en_US" os-architecture="64bit" /></test-suite></test-run>